IMAGE: 0.000000, 0.000000, 0.000000, ..., 0.000000, 0.000000, 0.000000
CONV1_W: 0.013996, -0.058505, 0.013788, ..., 0.063155, 0.426862, 0.352181
CONV1_B: -0.157732, -0.009176, 0.051111, ..., 0.042314, -0.046756, 0.121361
CONV2_W: 0.013029, 0.018366, 0.060901, ..., 0.007705, 0.044026, -0.051337
CONV2_B: -0.017922, -0.006622, -0.058088, ..., -0.089477, -0.000183, -0.049139
FC1_W: 0.007203, -0.009616, -0.001770, ..., -0.003594, 0.008218, 0.004829
FC1_B: 0.001837, 0.006557, 0.010013, ..., 0.007342, -0.001039, 0.006518
FC2_W: -0.061332, 0.084626, -0.087394, ..., -0.012035, 0.017035, -0.064466
FC2_B: -0.044921, 0.087503, -0.010427, ..., 0.022800, 0.030572, -0.007313


/// LeNet ///
Memory allocation ...
file: ./txt/image1000/image000.txt
                                                        
                                                        
                                                        
                                                        
                                                        
                                                        
                                                        
              * * *                                     
            * * * * * * * * * * * * * * *               
                    * * * * * * * * * * * *             
                                      * *               
                                      * *               
                                    * *                 
                                  * * *                 
                                  * *                   
                                * * *                   
                                * *                     
                                * *                     
                              * *                       
                            * * *                       
                          * * *                         
                          * *                           
                        * *                             
                      * * *                             
                      * * *                             
                      * * *                             
                      * *                               
                                                        

feed forward ... 
convolution(): isize: 28, ichan: 1, osize: 24, ochan: 20, ksize: 5, stride: 1
maxpooling(): isize: 24, ichan: 20, osize: 12, ksize: 2, stride: 2
convolution(): isize: 12, ichan: 20, osize: 8, ochan: 50, ksize: 5, stride: 1
maxpooling(): isize: 8, ichan: 50, osize: 4, ksize: 2, stride: 2
classifier(): isize: 800, osize: 500
relu(): isize: 1, ichan: 500
classifier(): isize: 500, osize: 10
softmax(): isize: 10
                                                        
                                                        
                                                        
                                                        
                                                        
                                                        
                                                        
              * * *                                     
            * * * * * * * * * * * * * * *               
                    * * * * * * * * * * * *             
                                      * *               
                                      * *               
                                    * *                 
                                  * * *                 
                                  * *                   
                                * * *                   
                                * *                     
                                * *                     
                              * *                       
                            * * *                       
                          * * *                         
                          * *                           
                        * *                             
                      * * *                             
                      * * *                             
                      * * *                             
                      * *                               
                                                        
CONV1_W H: 0.013996, -0.058505, 0.013788, ..., 0.063155, 0.426862, 0.352181
CONV1_W D: 0.013996, -0.058505, 0.013788, ..., 0.063155, 0.426862, 0.352181
CONV1_B H: -0.157732, -0.009176, 0.051111, ..., 0.042314, -0.046756, 0.121361
CONV1_B D: -0.157732, -0.009176, 0.051111, ..., 0.042314, -0.046756, 0.121361
CONV1_O H: -0.157732, -0.157732, -0.157732, ..., 0.121361, 0.121361, 0.121361
CONV1_O D: -0.157732, -0.157732, -0.157732, ..., 0.121361, 0.121361, 0.121361
CONV2_W H: 0.013029, 0.018366, 0.060901, ..., 0.007705, 0.044026, -0.051337
CONV2_W D: 0.013029, 0.018366, 0.060901, ..., 0.007705, 0.044026, -0.051337
CONV2_B H: -0.017922, -0.006622, -0.058088, ..., -0.089477, -0.000183, -0.049139
CONV2_B D: -0.017922, -0.006622, -0.058088, ..., -0.089477, -0.000183, -0.049139
CONV2_O H: 0.259687, 0.202798, 0.374738, ..., -0.715313, -1.068476, -1.092411
CONV2_O D: 0.259686, 0.202798, 0.374738, ..., -0.715313, -1.068475, -1.092412
FC1_W H: 0.007203, -0.009616, -0.001770, ..., -0.003594, 0.008218, 0.004829
FC1_W D: 0.007203, -0.009616, -0.001770, ..., -0.003594, 0.008218, 0.004829
FC1_B H: 0.001837, 0.006557, 0.010013, ..., 0.007342, -0.001039, 0.006518
FC1_B D: 0.001837, 0.006557, 0.010013, ..., 0.007342, -0.001039, 0.006518
FC1_O H: 2.339915, 0.000000, 0.000000, ..., 0.182353, 0.000000, 0.000000
FC1_O D: 1.548317, 0.000000, 0.000000, ..., 0.456737, 0.000000, 0.000000
FC2_W H: -0.061332, 0.084626, -0.087394, ..., -0.012035, 0.017035, -0.064466
FC2_W D: -0.061332, 0.084626, -0.087394, ..., -0.012035, 0.017035, -0.064466
FC2_B H: -0.044921, 0.087503, -0.010427, ..., 0.022800, 0.030572, -0.007313
FC2_B D: -0.044921, 0.087503, -0.010427, ..., 0.022800, 0.030572, -0.007313
FC2_O H: 0.000000, 0.000000, 0.000000, ..., 0.999978, 0.000000, 0.000005
FC2_O D: 0.934055, 1.079950, 7.171767, ..., 83.122559, 0.207262, 0.362209


CPU: time: 13.693728 ms 

0: 0.000000
1: 0.000000
2: 0.000000
3: 0.000017
4: 0.000000
5: 0.000000
6: 0.000000
7: 0.999978
8: 0.000000
9: 0.000005

GPU: time: 0.521216 ms 
0: 0.009037
1: 0.010449
2: 0.069389
3: 0.087316
4: 0.001602
5: 0.012382
6: 0.000079
7: 0.804236
8: 0.002005
9: 0.003504

Write next image? (y or n): 
