IMAGE: 0.000000, 0.000000, 0.000000, ..., 0.000000, 0.000000, 0.000000
CONV1_W: 0.013996, -0.058505, 0.013788, ..., 0.063155, 0.426862, 0.352181
CONV1_B: -0.157732, -0.009176, 0.051111, ..., 0.042314, -0.046756, 0.121361
CONV2_W: 0.013029, 0.018366, 0.060901, ..., 0.007705, 0.044026, -0.051337
CONV2_B: -0.017922, -0.006622, -0.058088, ..., -0.089477, -0.000183, -0.049139
FC1_W: 0.007203, -0.009616, -0.001770, ..., -0.003594, 0.008218, 0.004829
FC1_B: 0.001837, 0.006557, 0.010013, ..., 0.007342, -0.001039, 0.006518
FC2_W: -0.061332, 0.084626, -0.087394, ..., -0.012035, 0.017035, -0.064466
FC2_B: -0.044921, 0.087503, -0.010427, ..., 0.022800, 0.030572, -0.007313


/// LeNet ///
Memory allocation ...

CPU: time: 13.601862 ms 

0: 0.000003
1: 0.000000
2: 0.000001
3: 0.000001
4: 0.001007
5: 0.000001
6: 0.000000
7: 0.001072
8: 0.000244
9: 0.997672

GPU: time: 0.109176 ms 
0: 0.000022
1: 0.000000
2: 0.000010
3: 0.000004
4: 0.007253
5: 0.000011
6: 0.000000
7: 0.002699
8: 0.000438
9: 0.989563

